 
****************************************
Report : area
Design : fir
Version: R-2020.09-SP5
Date   : Sun Apr 27 23:59:28 2025
****************************************

Library(s) Used:

    slow (File: /usr/cadtool/ee5216/CBDK_TSMC90GUTM_Arm_f1.0/CIC/SynopsysDC/db/slow.db)

Number of ports:                          330
Number of nets:                          5161
Number of cells:                         4778
Number of combinational cells:           4239
Number of sequential cells:               537
Number of macros/black boxes:               0
Number of buf/inv:                        904
Number of references:                     152

Combinational area:              19751.155554
Buf/Inv area:                     3201.307264
Noncombinational area:            8122.867291
Macro/Black Box area:                0.000000
Net Interconnect area:      undefined  (No wire load specified)

Total cell area:                 27874.022846
Total area:                 undefined

Hierarchical area distribution
------------------------------

                                  Global cell area            Local cell area
                                  -------------------  ----------------------------- 
Hierarchical cell                 Absolute    Percent  Combi-      Noncombi-  Black-
                                  Total       Total    national    national   boxes   Design
--------------------------------  ----------  -------  ----------  ---------  ------  ---------
fir                               27874.0228    100.0  19751.1556  8122.8673  0.0000  fir
--------------------------------  ----------  -------  ----------  ---------  ------  ---------
Total                                                  19751.1556  8122.8673  0.0000

1
